<?xml version="1.0" encoding="UTF-8"?>
<testng-results ignored="0" total="2" passed="1" failed="1" skipped="0">
  <reporter-output>
  </reporter-output>
  <suite started-at="2026-01-25T01:15:57 IST" name="Default suite" finished-at="2026-01-25T01:16:29 IST" duration-ms="31467">
    <groups>
    </groups>
    <test started-at="2026-01-25T01:15:57 IST" name="Default test" finished-at="2026-01-25T01:16:29 IST" duration-ms="31467">
      <class name="com.orangeHRM.TestCases.TestCase_DashBoardPage">
        <test-method is-config="true" signature="browserLaunch()[pri:0, instance:com.orangeHRM.TestCases.TestCase_DashBoardPage@692f203f]" started-at="2026-01-25T01:15:57 IST" name="browserLaunch" finished-at="2026-01-25T01:16:12 IST" duration-ms="14284" status="PASS">
          <reporter-output>
          </reporter-output>
        </test-method> <!-- browserLaunch -->
        <test-method signature="loginTest()[pri:-1, instance:com.orangeHRM.TestCases.TestCase_DashBoardPage@692f203f]" started-at="2026-01-25T01:16:12 IST" name="loginTest" finished-at="2026-01-25T01:16:15 IST" duration-ms="3431" status="PASS">
          <reporter-output>
          </reporter-output>
        </test-method> <!-- loginTest -->
        <test-method signature="DashBoardTestcases()[pri:0, instance:com.orangeHRM.TestCases.TestCase_DashBoardPage@692f203f]" started-at="2026-01-25T01:16:15 IST" name="DashBoardTestcases" finished-at="2026-01-25T01:16:29 IST" duration-ms="13657" status="FAIL">
          <exception class="org.openqa.selenium.TimeoutException">
            <message>
              <![CDATA[Expected condition failed: waiting for element to be clickable: By.xpath: //button[@type='button' and normalize-space()='Ok'] (tried for 10 second(s) with 500 milliseconds interval)
Build info: version: '4.39.0', revision: '126f156aee'
System info: os.name: 'Windows 11', os.arch: 'amd64', os.version: '10.0', java.version: '21.0.8'
Driver info: org.openqa.selenium.edge.EdgeDriver
Capabilities {acceptInsecureCerts: false, browserName: MicrosoftEdge, browserVersion: 144.0.3719.82, fedcm:accounts: true, goog:processID: 22252, ms:edgeOptions: {debuggerAddress: localhost:64987}, msedge: {msedgedriverVersion: 144.0.3719.92 (8380d6794b22..., userDataDir: C:\Users\monis\AppData\Loca...}, networkConnectionEnabled: false, pageLoadStrategy: normal, platformName: windows, proxy: Proxy(), se:cdp: ws://localhost:64987/devtoo..., se:cdpVersion: 144.0.3719.82, setWindowRect: true, strictFileInteractability: false, timeouts: {implicit: 0, pageLoad: 300000, script: 30000}, unhandledPromptBehavior: dismiss and notify, webauthn:extension:credBlob: true, webauthn:extension:largeBlob: true, webauthn:extension:minPinLength: true, webauthn:extension:prf: true, webauthn:virtualAuthenticators: true}
Session ID: 938c49d417dc4cf626c20ee253a07eb7]]>
            </message>
            <full-stacktrace>
              <![CDATA[org.openqa.selenium.TimeoutException: Expected condition failed: waiting for element to be clickable: By.xpath: //button[@type='button' and normalize-space()='Ok'] (tried for 10 second(s) with 500 milliseconds interval)
Build info: version: '4.39.0', revision: '126f156aee'
System info: os.name: 'Windows 11', os.arch: 'amd64', os.version: '10.0', java.version: '21.0.8'
Driver info: org.openqa.selenium.edge.EdgeDriver
Capabilities {acceptInsecureCerts: false, browserName: MicrosoftEdge, browserVersion: 144.0.3719.82, fedcm:accounts: true, goog:processID: 22252, ms:edgeOptions: {debuggerAddress: localhost:64987}, msedge: {msedgedriverVersion: 144.0.3719.92 (8380d6794b22..., userDataDir: C:\Users\monis\AppData\Loca...}, networkConnectionEnabled: false, pageLoadStrategy: normal, platformName: windows, proxy: Proxy(), se:cdp: ws://localhost:64987/devtoo..., se:cdpVersion: 144.0.3719.82, setWindowRect: true, strictFileInteractability: false, timeouts: {implicit: 0, pageLoad: 300000, script: 30000}, unhandledPromptBehavior: dismiss and notify, webauthn:extension:credBlob: true, webauthn:extension:largeBlob: true, webauthn:extension:minPinLength: true, webauthn:extension:prf: true, webauthn:virtualAuthenticators: true}
Session ID: 938c49d417dc4cf626c20ee253a07eb7
at org.openqa.selenium.support.ui.WebDriverWait.timeoutException(WebDriverWait.java:84)
at org.openqa.selenium.support.ui.FluentWait.until(FluentWait.java:228)
at util.GenericMethods.waitAndClick(GenericMethods.java:300)
at com.orangeHRM.Pages.OrangeHRM_DashboardPage.assignLeave(OrangeHRM_DashboardPage.java:97)
at com.orangeHRM.TestCases.TestCase_DashBoardPage.DashBoardTestcases(TestCase_DashBoardPage.java:38)
at java.base/jdk.internal.reflect.DirectMethodHandleAccessor.invoke(DirectMethodHandleAccessor.java:103)
at java.base/java.lang.reflect.Method.invoke(Method.java:580)
at org.testng.internal.invokers.MethodInvocationHelper.invokeMethod(MethodInvocationHelper.java:139)
at org.testng.internal.invokers.TestInvoker.invokeMethod(TestInvoker.java:664)
at org.testng.internal.invokers.TestInvoker.invokeTestMethod(TestInvoker.java:227)
at org.testng.internal.invokers.MethodRunner.runInSequence(MethodRunner.java:50)
at org.testng.internal.invokers.TestInvoker$MethodInvocationAgent.invoke(TestInvoker.java:957)
at org.testng.internal.invokers.TestInvoker.invokeTestMethods(TestInvoker.java:200)
at org.testng.internal.invokers.TestMethodWorker.invokeTestMethods(TestMethodWorker.java:148)
at org.testng.internal.invokers.TestMethodWorker.run(TestMethodWorker.java:128)
at java.base/java.util.ArrayList.forEach(ArrayList.java:1596)
at org.testng.TestRunner.privateRun(TestRunner.java:848)
at org.testng.TestRunner.run(TestRunner.java:621)
at org.testng.SuiteRunner.runTest(SuiteRunner.java:443)
at org.testng.SuiteRunner.runSequentially(SuiteRunner.java:437)
at org.testng.SuiteRunner.privateRun(SuiteRunner.java:397)
at org.testng.SuiteRunner.run(SuiteRunner.java:336)
at org.testng.SuiteRunnerWorker.runSuite(SuiteRunnerWorker.java:52)
at org.testng.SuiteRunnerWorker.run(SuiteRunnerWorker.java:95)
at org.testng.TestNG.runSuitesSequentially(TestNG.java:1280)
at org.testng.TestNG.runSuitesLocally(TestNG.java:1200)
at org.testng.TestNG.runSuites(TestNG.java:1114)
at org.testng.TestNG.run(TestNG.java:1082)
at org.testng.remote.AbstractRemoteTestNG.run(AbstractRemoteTestNG.java:115)
at org.testng.remote.RemoteTestNG.initAndRun(RemoteTestNG.java:293)
at org.testng.remote.RemoteTestNG.main(RemoteTestNG.java:91)
]]>
            </full-stacktrace>
          </exception> <!-- org.openqa.selenium.TimeoutException -->
          <reporter-output>
          </reporter-output>
        </test-method> <!-- DashBoardTestcases -->
      </class> <!-- com.orangeHRM.TestCases.TestCase_DashBoardPage -->
    </test> <!-- Default test -->
  </suite> <!-- Default suite -->
</testng-results>
