<?xml version="1.0" encoding="UTF-8"?>
<testng-results ignored="0" total="2" passed="2" failed="0" skipped="0">
  <reporter-output>
  </reporter-output>
  <suite started-at="2026-01-25T12:07:51 IST" name="Default suite" finished-at="2026-01-25T12:08:16 IST" duration-ms="25443">
    <groups>
    </groups>
    <test started-at="2026-01-25T12:07:51 IST" name="Default test" finished-at="2026-01-25T12:08:16 IST" duration-ms="25443">
      <class name="com.orangeHRM.TestCases.TestCase_DashBoardPage">
        <test-method is-config="true" signature="browserLaunch()[pri:0, instance:com.orangeHRM.TestCases.TestCase_DashBoardPage@692f203f]" started-at="2026-01-25T12:07:51 IST" name="browserLaunch" finished-at="2026-01-25T12:08:06 IST" duration-ms="15811" status="PASS">
          <reporter-output>
          </reporter-output>
        </test-method> <!-- browserLaunch -->
        <test-method signature="loginTest()[pri:-1, instance:com.orangeHRM.TestCases.TestCase_DashBoardPage@692f203f]" started-at="2026-01-25T12:08:06 IST" name="loginTest" finished-at="2026-01-25T12:08:10 IST" duration-ms="3556" status="PASS">
          <reporter-output>
          </reporter-output>
        </test-method> <!-- loginTest -->
        <test-method signature="DashBoardTestcases()[pri:0, instance:com.orangeHRM.TestCases.TestCase_DashBoardPage@692f203f]" started-at="2026-01-25T12:08:10 IST" name="DashBoardTestcases" finished-at="2026-01-25T12:08:16 IST" duration-ms="6040" status="PASS">
          <reporter-output>
          </reporter-output>
        </test-method> <!-- DashBoardTestcases -->
      </class> <!-- com.orangeHRM.TestCases.TestCase_DashBoardPage -->
    </test> <!-- Default test -->
  </suite> <!-- Default suite -->
</testng-results>
