<?xml version="1.0" encoding="UTF-8"?>
<!-- Generated by org.testng.reporters.JUnitReportReporter -->
<testsuite hostname="Pradeepa" failures="0" tests="2" name="com.orangeHRM.TestCases.TestCase_AdminPage" time="10.322" errors="0" timestamp="2026-01-24T17:16:31 IST" skipped="0">
  <testcase classname="com.orangeHRM.TestCases.TestCase_AdminPage" name="loginTest" time="4.227"/>
  <testcase classname="com.orangeHRM.TestCases.TestCase_AdminPage" name="adminPageTest" time="6.095"/>
</testsuite> <!-- com.orangeHRM.TestCases.TestCase_AdminPage -->
