<?xml version="1.0" encoding="UTF-8"?>
<!-- Generated by org.testng.reporters.JUnitReportReporter -->
<testsuite hostname="Pradeepa" failures="0" tests="2" name="com.orangeHRM.TestCases.TestCase_DashBoardPage" time="9.596" errors="0" timestamp="2026-01-25T12:08:16 IST" skipped="0">
  <testcase classname="com.orangeHRM.TestCases.TestCase_DashBoardPage" name="loginTest" time="3.556"/>
  <testcase classname="com.orangeHRM.TestCases.TestCase_DashBoardPage" name="DashBoardTestcases" time="6.040"/>
</testsuite> <!-- com.orangeHRM.TestCases.TestCase_DashBoardPage -->
